19:47:09 **** Incremental Build of configuration Debug for project addressbook_client ****
make all 
Building target: addressbook_client
Invoking: GCC C++ Linker
g++ -L"/home/bharath/vbox_share/workspace/srpc/srpc_framework/Debug" -L/usr/local/lib -pthread -o "addressbook_client"  ./gen/addressbook.pb.o  ./client/gen/addressbook_client_msghandler.o ./client/gen/addressbook_service_stub.o  ./client/main.o ./client/test_client.o   -lsrpc_framework -lprotobuf
Finished building target: addressbook_client
 
19:48:37 **** Incremental Build of configuration Debug for project addressbook_client ****
make all 
make: Nothing to be done for 'all'.
19:48:38 **** Incremental Build of configuration Debug for project addressbook_server ****
make all 
Building file: ../service/gen/addressbook_service.cpp
Invoking: GCC C++ Compiler
g++ -std=c++0x -DSRPC_INFO -I"/home/bharath/vbox_share/workspace/srpc/srpc_framework/inc" -I"/home/bharath/vbox_share/workspace/srpc/addressbook_server/gen" -I"/home/bharath/vbox_share/workspace/srpc/addressbook_server/service/gen" -O0 -g3 -Wall -c -fmessage-length=0 -MMD -MP -MF"service/gen/addressbook_service.d" -MT"service/gen/addressbook_service.o" -o "service/gen/addressbook_service.o" "../service/gen/addressbook_service.cpp"
Finished building: ../service/gen/addressbook_service.cpp
 
Building target: addressbook_server
Invoking: GCC C++ Linker
g++ -L"/home/bharath/vbox_share/workspace/srpc/srpc_framework/Debug" -L/usr/local/lib -pthread -o "addressbook_server"  ./service/gen/addressbook_service.o ./service/gen/addressbook_service_msghandler.o  ./service/addressbook_service_impl.o ./service/main.o  ./gen/addressbook.pb.o   -lsrpc_framework -lprotobuf
Finished building target: addressbook_server
 
19:48:42 **** Incremental Build of configuration Debug for project srpc_framework ****
make all 
make: Nothing to be done for 'all'.
